{
  "RSpec": {
    "coverage": {
      "/Users/theresaokyere/Projects/bookmarks1/app.rb": {
        "lines": [
          1,
          1,
          null,
          1,
          null,
          1,
          1,
          null,
          null,
          1,
          2,
          2,
          null,
          null,
          1,
          1,
          null,
          null,
          1,
          1,
          1,
          null,
          null,
          1,
          null,
          null,
          null
        ]
      },
      "/Users/theresaokyere/Projects/bookmarks1/lib/bookmarks.rb": {
        "lines": [
          null,
          1,
          null,
          1,
          null,
          1,
          null,
          1,
          13,
          13,
          13,
          null,
          null,
          1,
          3,
          3,
          null,
          0,
          null,
          null,
          3,
          3,
          6,
          null,
          null,
          null,
          null,
          null,
          1,
          7,
          7,
          null,
          0,
          null,
          7,
          7,
          null,
          null,
          null,
          null,
          null,
          null
        ]
      },
      "/Users/theresaokyere/Projects/bookmarks1/spec/Features/creating_bookmarks_spec.rb": {
        "lines": [
          1,
          1,
          1,
          1,
          1,
          1,
          1,
          null,
          null
        ]
      },
      "/Users/theresaokyere/Projects/bookmarks1/spec/Features/index_spec.rb": {
        "lines": [
          1,
          1,
          1,
          1,
          null,
          null,
          null,
          1,
          1,
          1,
          1,
          1,
          null,
          1,
          null,
          1,
          1,
          null,
          null
        ]
      },
      "/Users/theresaokyere/Projects/bookmarks1/spec/bookmark_spec.rb": {
        "lines": [
          1,
          1,
          null,
          1,
          1,
          1,
          1,
          1,
          1,
          null,
          1,
          null,
          1,
          1,
          1,
          1,
          1,
          null,
          null,
          null,
          null,
          1,
          1,
          1,
          1,
          null,
          null,
          0,
          0,
          0,
          0,
          null,
          null,
          null,
          null
        ]
      },
      "/Users/theresaokyere/Projects/bookmarks1/spec/database_helpers.rb": {
        "lines": [
          1,
          null,
          1,
          0,
          0,
          0,
          null
        ]
      }
    },
    "timestamp": 1642694932
  }
}
